{"D:\\HACKNOCTURNE-proj\\demo-app\\src\\App.jsx": {"path":"D:\\HACKNOCTURNE-proj\\demo-app\\src\\App.jsx","statementMap":{"0":{"start":{"line":5,"column":2},"end":{"line":8,"column":null}}},"fnMap":{"0":{"name":"App","decl":{"start":{"line":4,"column":9},"end":{"line":4,"column":15}},"loc":{"start":{"line":4,"column":15},"end":{"line":8,"column":null}},"line":4}},"branchMap":{},"s":{"0":1},"f":{"0":1},"b":{},"meta":{"lastBranch":0,"lastFunction":1,"lastStatement":1,"seen":{"f:4:9:4:15":0,"s:5:2:8:Infinity":0}}}
,"D:\\HACKNOCTURNE-proj\\demo-app\\src\\components\\Button.jsx": {"path":"D:\\HACKNOCTURNE-proj\\demo-app\\src\\components\\Button.jsx","statementMap":{"0":{"start":{"line":3,"column":13},"end":{"line":22,"column":null}},"1":{"start":{"line":4,"column":2},"end":{"line":7,"column":null}},"2":{"start":{"line":5,"column":4},"end":{"line":7,"column":null}},"3":{"start":{"line":12,"column":2},"end":{"line":13,"column":null}},"4":{"start":{"line":13,"column":4},"end":{"line":13,"column":null}},"5":{"start":{"line":16,"column":2},"end":{"line":22,"column":null}}},"fnMap":{"0":{"name":"(anonymous_0)","decl":{"start":{"line":3,"column":13},"end":{"line":3,"column":23}},"loc":{"start":{"line":3,"column":56},"end":{"line":22,"column":null}},"line":3}},"branchMap":{"0":{"loc":{"start":{"line":4,"column":2},"end":{"line":7,"column":null}},"type":"if","locations":[{"start":{"line":4,"column":2},"end":{"line":7,"column":null}},{"start":{},"end":{}}],"line":4},"1":{"loc":{"start":{"line":12,"column":2},"end":{"line":13,"column":null}},"type":"if","locations":[{"start":{"line":12,"column":2},"end":{"line":13,"column":null}},{"start":{},"end":{}}],"line":12}},"s":{"0":2,"1":2,"2":0,"3":2,"4":0,"5":2},"f":{"0":2},"b":{"0":[0,2],"1":[0,2]},"meta":{"lastBranch":2,"lastFunction":1,"lastStatement":6,"seen":{"s:3:13:22:Infinity":0,"f:3:13:3:23":0,"b:4:2:7:Infinity:undefined:undefined:undefined:undefined":0,"s:4:2:7:Infinity":1,"s:5:4:7:Infinity":2,"b:12:2:13:Infinity:undefined:undefined:undefined:undefined":1,"s:12:2:13:Infinity":3,"s:13:4:13:Infinity":4,"s:16:2:22:Infinity":5}}}
}
