{"D:\\HACKNOCTURNE-proj\\demo-app\\src\\App.jsx": {"path":"D:\\HACKNOCTURNE-proj\\demo-app\\src\\App.jsx","statementMap":{"0":{"start":{"line":5,"column":2},"end":{"line":5,"column":null}}},"fnMap":{"0":{"name":"App","decl":{"start":{"line":4,"column":9},"end":{"line":4,"column":15}},"loc":{"start":{"line":4,"column":15},"end":{"line":5,"column":null}},"line":4}},"branchMap":{},"s":{"0":1},"f":{"0":1},"b":{},"meta":{"lastBranch":0,"lastFunction":1,"lastStatement":1,"seen":{"f:4:9:4:15":0,"s:5:2:5:Infinity":0}}}
,"D:\\HACKNOCTURNE-proj\\demo-app\\src\\api.js": {"path":"D:\\HACKNOCTURNE-proj\\demo-app\\src\\api.js","statementMap":{"0":{"start":{"line":3,"column":26},"end":{"line":34,"column":1}},"1":{"start":{"line":6,"column":4},"end":{"line":16,"column":null}},"2":{"start":{"line":10,"column":8},"end":{"line":10,"column":null}},"3":{"start":{"line":14,"column":8},"end":{"line":14,"column":null}},"4":{"start":{"line":15,"column":8},"end":{"line":15,"column":null}},"5":{"start":{"line":19,"column":4},"end":{"line":27,"column":null}},"6":{"start":{"line":20,"column":18},"end":{"line":20,"column":43}},"7":{"start":{"line":21,"column":8},"end":{"line":24,"column":null}},"8":{"start":{"line":22,"column":25},"end":{"line":22,"column":46}},"9":{"start":{"line":23,"column":12},"end":{"line":23,"column":null}},"10":{"start":{"line":23,"column":28},"end":{"line":23,"column":null}},"11":{"start":{"line":26,"column":8},"end":{"line":26,"column":29}},"12":{"start":{"line":29,"column":4},"end":{"line":33,"column":null}},"13":{"start":{"line":30,"column":8},"end":{"line":30,"column":null}},"14":{"start":{"line":32,"column":8},"end":{"line":32,"column":31}},"15":{"start":{"line":36,"column":31},"end":{"line":41,"column":1}}},"fnMap":{"0":{"name":"(anonymous_0)","decl":{"start":{"line":3,"column":26},"end":{"line":3,"column":31}},"loc":{"start":{"line":3,"column":38},"end":{"line":34,"column":1}},"line":3}},"branchMap":{"0":{"loc":{"start":{"line":19,"column":4},"end":{"line":27,"column":null}},"type":"if","locations":[{"start":{"line":19,"column":4},"end":{"line":27,"column":null}},{"start":{},"end":{}}],"line":19},"1":{"loc":{"start":{"line":23,"column":12},"end":{"line":23,"column":null}},"type":"if","locations":[{"start":{"line":23,"column":12},"end":{"line":23,"column":null}},{"start":{},"end":{}}],"line":23}},"s":{"0":1,"1":1,"2":1,"3":1,"4":1,"5":0,"6":0,"7":0,"8":0,"9":0,"10":0,"11":0,"12":0,"13":0,"14":0,"15":1},"f":{"0":1},"b":{"0":[0,0],"1":[0,0]},"meta":{"lastBranch":2,"lastFunction":1,"lastStatement":16,"seen":{"s:3:26:34:1":0,"f:3:26:3:31":0,"s:6:4:16:Infinity":1,"s:10:8:10:Infinity":2,"s:14:8:14:Infinity":3,"s:15:8:15:Infinity":4,"b:19:4:27:Infinity:undefined:undefined:undefined:undefined":0,"s:19:4:27:Infinity":5,"s:20:18:20:43":6,"s:21:8:24:Infinity":7,"s:22:25:22:46":8,"b:23:12:23:Infinity:undefined:undefined:undefined:undefined":1,"s:23:12:23:Infinity":9,"s:23:28:23:Infinity":10,"s:26:8:26:29":11,"s:29:4:33:Infinity":12,"s:30:8:30:Infinity":13,"s:32:8:32:31":14,"s:36:31:41:1":15}}}
,"D:\\HACKNOCTURNE-proj\\demo-app\\src\\components\\Button.jsx": {"path":"D:\\HACKNOCTURNE-proj\\demo-app\\src\\components\\Button.jsx","statementMap":{"0":{"start":{"line":3,"column":13},"end":{"line":22,"column":null}},"1":{"start":{"line":4,"column":2},"end":{"line":7,"column":null}},"2":{"start":{"line":5,"column":4},"end":{"line":7,"column":null}},"3":{"start":{"line":12,"column":2},"end":{"line":13,"column":null}},"4":{"start":{"line":13,"column":4},"end":{"line":13,"column":null}},"5":{"start":{"line":16,"column":2},"end":{"line":22,"column":null}}},"fnMap":{"0":{"name":"(anonymous_0)","decl":{"start":{"line":3,"column":13},"end":{"line":3,"column":23}},"loc":{"start":{"line":3,"column":56},"end":{"line":22,"column":null}},"line":3}},"branchMap":{"0":{"loc":{"start":{"line":4,"column":2},"end":{"line":7,"column":null}},"type":"if","locations":[{"start":{"line":4,"column":2},"end":{"line":7,"column":null}},{"start":{},"end":{}}],"line":4},"1":{"loc":{"start":{"line":12,"column":2},"end":{"line":13,"column":null}},"type":"if","locations":[{"start":{"line":12,"column":2},"end":{"line":13,"column":null}},{"start":{},"end":{}}],"line":12}},"s":{"0":1,"1":1,"2":0,"3":1,"4":0,"5":1},"f":{"0":1},"b":{"0":[0,1],"1":[0,1]},"meta":{"lastBranch":2,"lastFunction":1,"lastStatement":6,"seen":{"s:3:13:22:Infinity":0,"f:3:13:3:23":0,"b:4:2:7:Infinity:undefined:undefined:undefined:undefined":0,"s:4:2:7:Infinity":1,"s:5:4:7:Infinity":2,"b:12:2:13:Infinity:undefined:undefined:undefined:undefined":1,"s:12:2:13:Infinity":3,"s:13:4:13:Infinity":4,"s:16:2:22:Infinity":5}}}
,"D:\\HACKNOCTURNE-proj\\demo-app\\src\\components\\Dashboard.jsx": {"path":"D:\\HACKNOCTURNE-proj\\demo-app\\src\\components\\Dashboard.jsx","statementMap":{"0":{"start":{"line":8,"column":13},"end":{"line":111,"column":null}},"1":{"start":{"line":9,"column":28},"end":{"line":9,"column":46}},"2":{"start":{"line":10,"column":32},"end":{"line":10,"column":52}},"3":{"start":{"line":11,"column":28},"end":{"line":11,"column":48}},"4":{"start":{"line":13,"column":2},"end":{"line":38,"column":null}},"5":{"start":{"line":14,"column":22},"end":{"line":33,"column":null}},"6":{"start":{"line":15,"column":6},"end":{"line":33,"column":null}},"7":{"start":{"line":16,"column":8},"end":{"line":16,"column":null}},"8":{"start":{"line":17,"column":21},"end":{"line":17,"column":39}},"9":{"start":{"line":20,"column":31},"end":{"line":25,"column":null}},"10":{"start":{"line":21,"column":10},"end":{"line":21,"column":null}},"11":{"start":{"line":21,"column":46},"end":{"line":21,"column":null}},"12":{"start":{"line":22,"column":10},"end":{"line":22,"column":null}},"13":{"start":{"line":22,"column":45},"end":{"line":22,"column":null}},"14":{"start":{"line":23,"column":10},"end":{"line":23,"column":null}},"15":{"start":{"line":23,"column":38},"end":{"line":23,"column":null}},"16":{"start":{"line":24,"column":10},"end":{"line":24,"column":null}},"17":{"start":{"line":27,"column":8},"end":{"line":27,"column":null}},"18":{"start":{"line":28,"column":8},"end":{"line":28,"column":null}},"19":{"start":{"line":30,"column":8},"end":{"line":30,"column":null}},"20":{"start":{"line":31,"column":8},"end":{"line":31,"column":null}},"21":{"start":{"line":33,"column":8},"end":{"line":33,"column":null}},"22":{"start":{"line":37,"column":4},"end":{"line":37,"column":null}},"23":{"start":{"line":40,"column":2},"end":{"line":111,"column":null}},"24":{"start":{"line":59,"column":18},"end":{"line":61,"column":null}},"25":{"start":{"line":71,"column":35},"end":{"line":71,"column":59}},"26":{"start":{"line":79,"column":18},"end":{"line":79,"column":null}},"27":{"start":{"line":99,"column":20},"end":{"line":105,"column":null}}},"fnMap":{"0":{"name":"(anonymous_0)","decl":{"start":{"line":8,"column":13},"end":{"line":8,"column":31}},"loc":{"start":{"line":8,"column":31},"end":{"line":111,"column":null}},"line":8},"1":{"name":"(anonymous_1)","decl":{"start":{"line":13,"column":8},"end":{"line":13,"column":24}},"loc":{"start":{"line":13,"column":24},"end":{"line":38,"column":7}},"line":13},"2":{"name":"(anonymous_2)","decl":{"start":{"line":14,"column":22},"end":{"line":14,"column":34}},"loc":{"start":{"line":14,"column":34},"end":{"line":33,"column":null}},"line":14},"3":{"name":"(anonymous_3)","decl":{"start":{"line":20,"column":36},"end":{"line":20,"column":40}},"loc":{"start":{"line":20,"column":48},"end":{"line":25,"column":null}},"line":20},"4":{"name":"(anonymous_4)","decl":{"start":{"line":58,"column":29},"end":{"line":58,"column":33}},"loc":{"start":{"line":59,"column":18},"end":{"line":61,"column":null}},"line":59},"5":{"name":"(anonymous_5)","decl":{"start":{"line":71,"column":20},"end":{"line":71,"column":35}},"loc":{"start":{"line":71,"column":35},"end":{"line":71,"column":59}},"line":71},"6":{"name":"(anonymous_6)","decl":{"start":{"line":78,"column":22},"end":{"line":78,"column":27}},"loc":{"start":{"line":79,"column":18},"end":{"line":79,"column":null}},"line":79},"7":{"name":"(anonymous_7)","decl":{"start":{"line":98,"column":35},"end":{"line":98,"column":39}},"loc":{"start":{"line":99,"column":20},"end":{"line":105,"column":null}},"line":99}},"branchMap":{"0":{"loc":{"start":{"line":21,"column":10},"end":{"line":21,"column":null}},"type":"if","locations":[{"start":{"line":21,"column":10},"end":{"line":21,"column":null}},{"start":{},"end":{}}],"line":21},"1":{"loc":{"start":{"line":22,"column":10},"end":{"line":22,"column":null}},"type":"if","locations":[{"start":{"line":22,"column":10},"end":{"line":22,"column":null}},{"start":{},"end":{}}],"line":22},"2":{"loc":{"start":{"line":23,"column":10},"end":{"line":23,"column":null}},"type":"if","locations":[{"start":{"line":23,"column":10},"end":{"line":23,"column":null}},{"start":{},"end":{}}],"line":23},"3":{"loc":{"start":{"line":57,"column":15},"end":{"line":79,"column":null}},"type":"cond-expr","locations":[{"start":{"line":58,"column":16},"end":{"line":61,"column":null}},{"start":{"line":63,"column":18},"end":{"line":79,"column":null}}],"line":57},"4":{"loc":{"start":{"line":63,"column":18},"end":{"line":79,"column":null}},"type":"cond-expr","locations":[{"start":{"line":64,"column":16},"end":{"line":78,"column":22}},{"start":{"line":78,"column":16},"end":{"line":79,"column":null}}],"line":63}},"s":{"0":1,"1":2,"2":2,"3":2,"4":2,"5":1,"6":1,"7":1,"8":1,"9":1,"10":4,"11":1,"12":3,"13":3,"14":2,"15":2,"16":1,"17":1,"18":1,"19":0,"20":0,"21":1,"22":1,"23":2,"24":4,"25":0,"26":4,"27":10},"f":{"0":2,"1":1,"2":1,"3":4,"4":4,"5":0,"6":4,"7":10},"b":{"0":[1,3],"1":[1,2],"2":[1,1],"3":[1,1],"4":[0,1]},"meta":{"lastBranch":5,"lastFunction":8,"lastStatement":28,"seen":{"s:8:13:111:Infinity":0,"f:8:13:8:31":0,"s:9:28:9:46":1,"s:10:32:10:52":2,"s:11:28:11:48":3,"s:13:2:38:Infinity":4,"f:13:8:13:24":1,"s:14:22:33:Infinity":5,"f:14:22:14:34":2,"s:15:6:33:Infinity":6,"s:16:8:16:Infinity":7,"s:17:21:17:39":8,"s:20:31:25:Infinity":9,"f:20:36:20:40":3,"b:21:10:21:Infinity:undefined:undefined:undefined:undefined":0,"s:21:10:21:Infinity":10,"s:21:46:21:Infinity":11,"b:22:10:22:Infinity:undefined:undefined:undefined:undefined":1,"s:22:10:22:Infinity":12,"s:22:45:22:Infinity":13,"b:23:10:23:Infinity:undefined:undefined:undefined:undefined":2,"s:23:10:23:Infinity":14,"s:23:38:23:Infinity":15,"s:24:10:24:Infinity":16,"s:27:8:27:Infinity":17,"s:28:8:28:Infinity":18,"s:30:8:30:Infinity":19,"s:31:8:31:Infinity":20,"s:33:8:33:Infinity":21,"s:37:4:37:Infinity":22,"s:40:2:111:Infinity":23,"b:58:16:61:Infinity:63:18:79:Infinity":3,"f:58:29:58:33":4,"s:59:18:61:Infinity":24,"b:64:16:78:22:78:16:79:Infinity":4,"f:71:20:71:35":5,"s:71:35:71:59":25,"f:78:22:78:27":6,"s:79:18:79:Infinity":26,"f:98:35:98:39":7,"s:99:20:105:Infinity":27}}}
,"D:\\HACKNOCTURNE-proj\\demo-app\\src\\components\\Header.jsx": {"path":"D:\\HACKNOCTURNE-proj\\demo-app\\src\\components\\Header.jsx","statementMap":{"0":{"start":{"line":4,"column":13},"end":{"line":51,"column":null}},"1":{"start":{"line":5,"column":2},"end":{"line":51,"column":null}},"2":{"start":{"line":26,"column":14},"end":{"line":29,"column":null}},"3":{"start":{"line":38,"column":14},"end":{"line":38,"column":null}}},"fnMap":{"0":{"name":"(anonymous_0)","decl":{"start":{"line":4,"column":13},"end":{"line":4,"column":28}},"loc":{"start":{"line":4,"column":28},"end":{"line":51,"column":null}},"line":4},"1":{"name":"(anonymous_1)","decl":{"start":{"line":25,"column":12},"end":{"line":25,"column":27}},"loc":{"start":{"line":25,"column":27},"end":{"line":29,"column":null}},"line":25},"2":{"name":"(anonymous_2)","decl":{"start":{"line":37,"column":12},"end":{"line":37,"column":27}},"loc":{"start":{"line":37,"column":27},"end":{"line":38,"column":null}},"line":37}},"branchMap":{},"s":{"0":2,"1":6,"2":1,"3":1},"f":{"0":6,"1":1,"2":1},"b":{},"meta":{"lastBranch":0,"lastFunction":3,"lastStatement":4,"seen":{"s:4:13:51:Infinity":0,"f:4:13:4:28":0,"s:5:2:51:Infinity":1,"f:25:12:25:27":1,"s:26:14:29:Infinity":2,"f:37:12:37:27":2,"s:38:14:38:Infinity":3}}}
,"D:\\HACKNOCTURNE-proj\\demo-app\\src\\components\\Sidebar.jsx": {"path":"D:\\HACKNOCTURNE-proj\\demo-app\\src\\components\\Sidebar.jsx","statementMap":{"0":{"start":{"line":4,"column":13},"end":{"line":35,"column":null}},"1":{"start":{"line":5,"column":20},"end":{"line":11,"column":null}},"2":{"start":{"line":13,"column":2},"end":{"line":35,"column":null}},"3":{"start":{"line":23,"column":10},"end":{"line":33,"column":null}}},"fnMap":{"0":{"name":"(anonymous_0)","decl":{"start":{"line":4,"column":13},"end":{"line":4,"column":29}},"loc":{"start":{"line":4,"column":29},"end":{"line":35,"column":null}},"line":4},"1":{"name":"(anonymous_1)","decl":{"start":{"line":22,"column":19},"end":{"line":22,"column":24}},"loc":{"start":{"line":23,"column":10},"end":{"line":33,"column":null}},"line":23}},"branchMap":{"0":{"loc":{"start":{"line":26,"column":14},"end":{"line":28,"column":null}},"type":"cond-expr","locations":[{"start":{"line":27,"column":18},"end":{"line":27,"column":null}},{"start":{"line":28,"column":18},"end":{"line":28,"column":null}}],"line":26},"1":{"loc":{"start":{"line":31,"column":108},"end":{"line":31,"column":164}},"type":"cond-expr","locations":[{"start":{"line":31,"column":122},"end":{"line":31,"column":142}},{"start":{"line":31,"column":142},"end":{"line":31,"column":164}}],"line":31}},"s":{"0":2,"1":4,"2":4,"3":20},"f":{"0":4,"1":20},"b":{"0":[4,16],"1":[4,16]},"meta":{"lastBranch":2,"lastFunction":2,"lastStatement":4,"seen":{"s:4:13:35:Infinity":0,"f:4:13:4:29":0,"s:5:20:11:Infinity":1,"s:13:2:35:Infinity":2,"f:22:19:22:24":1,"s:23:10:33:Infinity":3,"b:27:18:27:Infinity:28:18:28:Infinity":0,"b:31:122:31:142:31:142:31:164":1}}}
,"D:\\HACKNOCTURNE-proj\\demo-app\\src\\components\\StatCard.jsx": {"path":"D:\\HACKNOCTURNE-proj\\demo-app\\src\\components\\StatCard.jsx","statementMap":{"0":{"start":{"line":3,"column":13},"end":{"line":21,"column":null}},"1":{"start":{"line":4,"column":25},"end":{"line":4,"column":59}},"2":{"start":{"line":6,"column":2},"end":{"line":21,"column":null}}},"fnMap":{"0":{"name":"(anonymous_0)","decl":{"start":{"line":3,"column":13},"end":{"line":3,"column":25}},"loc":{"start":{"line":3,"column":89},"end":{"line":21,"column":null}},"line":3}},"branchMap":{"0":{"loc":{"start":{"line":18,"column":73},"end":{"line":18,"column":null}},"type":"cond-expr","locations":[{"start":{"line":18,"column":86},"end":{"line":18,"column":125}},{"start":{"line":18,"column":125},"end":{"line":18,"column":null}}],"line":18}},"s":{"0":2,"1":5,"2":5},"f":{"0":5},"b":{"0":[4,1]},"meta":{"lastBranch":1,"lastFunction":1,"lastStatement":3,"seen":{"s:3:13:21:Infinity":0,"f:3:13:3:25":0,"s:4:25:4:59":1,"s:6:2:21:Infinity":2,"b:18:86:18:125:18:125:18:Infinity":0}}}
}
